<?xml version="1.0" encoding="UTF-8"?>
<!-- Generated by org.testng.reporters.JUnitXMLReporter -->
<testsuite hostname="LAPTOP-8OV7IEGI" ignored="6" name="Regression Test" tests="1" failures="0" timestamp="2020-06-01T12:14:58 EDT" time="8.134" errors="0">
  <testcase name="invalidPasswordLogin" time="1.601" classname="com.hrms.testcases.LoginTest"/>
  <testcase name="timeStamp" time="0.0" classname="com.hrms.testcases.LoginTest">
    <ignored/>
  </testcase> <!-- timeStamp -->
  <testcase name="addEmployee" time="0.0" classname="com.hrms.testcases.AddEmployeeTest">
    <ignored/>
  </testcase> <!-- addEmployee -->
  <testcase name="@AfterTest writeReport" time="0.0" classname="com.hrms.testbase.BaseClass">
    <ignored/>
  </testcase> <!-- @AfterTest writeReport -->
  <testcase name="emptyUsernameLogin" time="0.0" classname="com.hrms.testcases.LoginTest">
    <ignored/>
  </testcase> <!-- emptyUsernameLogin -->
  <testcase name="validAdminLogin" time="0.0" classname="com.hrms.testcases.LoginTest">
    <ignored/>
  </testcase> <!-- validAdminLogin -->
  <testcase name="@BeforeTest generateReort" time="0.0" classname="com.hrms.testbase.BaseClass">
    <ignored/>
  </testcase> <!-- @BeforeTest generateReort -->
</testsuite> <!-- Regression Test -->
