<?xml version="1.0" encoding="UTF-8"?>
<testng-results skipped="0" failed="0" ignored="6" total="7" passed="1">
  <reporter-output>
  </reporter-output>
  <suite name="Regression Suite" duration-ms="8134" started-at="2020-06-01T12:14:50 EDT" finished-at="2020-06-01T12:14:58 EDT">
    <groups>
      <group name="regression">
        <method signature="LoginTest.invalidPasswordLogin()[pri:0, instance:com.hrms.testcases.LoginTest@80503]" name="invalidPasswordLogin" class="com.hrms.testcases.LoginTest"/>
      </group> <!-- regression -->
    </groups>
    <test name="Regression Test" duration-ms="8134" started-at="2020-06-01T12:14:50 EDT" finished-at="2020-06-01T12:14:58 EDT">
      <class name="com.hrms.testcases.LoginTest">
        <test-method status="PASS" signature="setUp()[pri:0, instance:com.hrms.testcases.LoginTest@80503]" name="setUp" is-config="true" duration-ms="5110" started-at="2020-06-01T12:14:50 EDT" finished-at="2020-06-01T12:14:55 EDT">
          <reporter-output>
          </reporter-output>
        </test-method> <!-- setUp -->
        <test-method status="PASS" signature="invalidPasswordLogin()[pri:0, instance:com.hrms.testcases.LoginTest@80503]" name="invalidPasswordLogin" duration-ms="1601" started-at="2020-06-01T12:14:55 EDT" finished-at="2020-06-01T12:14:57 EDT">
          <reporter-output>
          </reporter-output>
        </test-method> <!-- invalidPasswordLogin -->
        <test-method status="PASS" signature="tearDown()[pri:0, instance:com.hrms.testcases.LoginTest@80503]" name="tearDown" is-config="true" duration-ms="618" started-at="2020-06-01T12:14:57 EDT" finished-at="2020-06-01T12:14:58 EDT">
          <reporter-output>
          </reporter-output>
        </test-method> <!-- tearDown -->
      </class> <!-- com.hrms.testcases.LoginTest -->
      <class name="com.hrms.testcases.AddEmployeeTest">
        <test-method status="PASS" signature="generateReort()[pri:0, instance:com.hrms.testcases.AddEmployeeTest@52feb982]" name="generateReort" is-config="true" duration-ms="89" started-at="2020-06-01T12:14:50 EDT" finished-at="2020-06-01T12:14:50 EDT">
          <reporter-output>
          </reporter-output>
        </test-method> <!-- generateReort -->
        <test-method status="PASS" signature="writeReport()[pri:0, instance:com.hrms.testcases.AddEmployeeTest@52feb982]" name="writeReport" is-config="true" duration-ms="237" started-at="2020-06-01T12:14:58 EDT" finished-at="2020-06-01T12:14:58 EDT">
          <reporter-output>
          </reporter-output>
        </test-method> <!-- writeReport -->
      </class> <!-- com.hrms.testcases.AddEmployeeTest -->
    </test> <!-- Regression Test -->
  </suite> <!-- Regression Suite -->
</testng-results>
